{
  "RSpec": {
    "coverage": {
      "/Users/stuartpethurst/Projects/Bookmark-Challange/spec/bookmark_spec.rb": [
        1,
        null,
        1,
        1,
        1,
        1,
        1,
        1,
        null,
        1,
        null,
        1,
        1,
        null,
        null,
        null
      ],
      "/Users/stuartpethurst/Projects/Bookmark-Challange/spec/features/Viewing_bookmarks_spec.rb": [
        1,
        null,
        1,
        1,
        1,
        null,
        1,
        1,
        null,
        1,
        null,
        1,
        1,
        null,
        null,
        null
      ],
      "/Users/stuartpethurst/Projects/Bookmark-Challange/spec/features/index_test_spec.rb": [
        1,
        1,
        1,
        1,
        null,
        null
      ]
    },
    "timestamp": 1556180945
  }
}
